<?xml version="1.0" encoding="UTF-8"?>
<!-- Generated by org.testng.reporters.JUnitReportReporter -->
<testsuite hostname="Ashwani_Singh" name="Com.ZomatoTest.TestCase2" tests="2" failures="0" timestamp="2 Dec 2022 14:43:23 GMT" time="136.031" errors="0">
  <testcase name="selectVegOption" time="80.511" classname="Com.ZomatoTest.TestCase2"/>
  <testcase name="selectVegOption" time="55.520" classname="Com.ZomatoTest.TestCase2"/>
</testsuite> <!-- Com.ZomatoTest.TestCase2 -->
