<?xml version="1.0" encoding="UTF-8"?>
<!-- Generated by org.testng.reporters.JUnitReportReporter -->
<testsuite hostname="Ashwani_Singh" name="Com.ZomatoTest.TestCase1" tests="1" failures="0" timestamp="5 Dec 2022 11:12:25 GMT" time="44.182" errors="0">
  <testcase name="searchProduct" time="44.182" classname="Com.ZomatoTest.TestCase1"/>
</testsuite> <!-- Com.ZomatoTest.TestCase1 -->
