<?xml version="1.0" encoding="UTF-8"?>
<!-- Generated by org.testng.reporters.JUnitReportReporter -->
<testsuite hostname="Ashwani_Singh" name="Com.ZomatoTest.TestCase2" tests="2" failures="0" timestamp="5 Dec 2022 12:34:24 GMT" time="89.009" errors="0">
  <testcase name="selectVegOption" time="37.981" classname="Com.ZomatoTest.TestCase2"/>
  <testcase name="selectVegOption" time="51.028" classname="Com.ZomatoTest.TestCase2"/>
</testsuite> <!-- Com.ZomatoTest.TestCase2 -->
